<?xml version="1.0" encoding="UTF-8"?>
<!-- Generated by org.testng.reporters.JUnitXMLReporter -->
<testsuite hostname="DESKTOP-R9VJGBE" ignored="0" name="Default test(failed)" tests="1" failures="1" timestamp="09 Sep 2018 08:45:22 GMT" time="30.82" errors="0">
  <testcase name="@AfterMethod closeApplication" time="0.442" classname="com.erp.generic.BaseTest">
    <failure type="java.lang.NoClassDefFoundError" message="org/apache/commons/io/FileUtils">
      <![CDATA[java.lang.NoClassDefFoundError: org/apache/commons/io/FileUtils
at com.erp.generic.AutoUtil.getPhoto(AutoUtil.java:35)
at com.erp.generic.BaseTest.closeApplication(BaseTest.java:47)
Caused by: java.lang.ClassNotFoundException: org.apache.commons.io.FileUtils
at java.net.URLClassLoader.findClass(URLClassLoader.java:381)
at java.lang.ClassLoader.loadClass(ClassLoader.java:424)
at sun.misc.Launcher$AppClassLoader.loadClass(Launcher.java:338)
at java.lang.ClassLoader.loadClass(ClassLoader.java:357)
... 30 more
... Removed 28 stack frames]]>
    </failure>
  </testcase> <!-- @AfterMethod closeApplication -->
  <testcase name="testValidLogin" time="22.235" classname="com.erp.test.ValidLogin">
    <failure type="java.lang.AssertionError" message="null">
      <![CDATA[java.lang.AssertionError: null
at com.erp.page.EnterPage.verifyHomePageIsDisplayed(EnterPage.java:52)
at com.erp.test.ValidLogin.testValidLogin(ValidLogin.java:25)
... Removed 27 stack frames]]>
    </failure>
  </testcase> <!-- testValidLogin -->
</testsuite> <!-- Default test(failed) -->
