<?xml version="1.0" encoding="UTF-8"?>
<testng-results skipped="0" failed="0" ignored="0" total="0" passed="0">
  <reporter-output>
  </reporter-output>
  <suite name="Suite" duration-ms="15" started-at="2018-09-12T10:22:48Z" finished-at="2018-09-12T10:22:48Z">
    <groups>
    </groups>
    <test name="TestonFirefox" duration-ms="15" started-at="2018-09-12T10:22:48Z" finished-at="2018-09-12T10:22:48Z">
    </test> <!-- TestonFirefox -->
    <test name="TestonChrome" duration-ms="15" started-at="2018-09-12T10:22:48Z" finished-at="2018-09-12T10:22:48Z">
    </test> <!-- TestonChrome -->
  </suite> <!-- Suite -->
</testng-results>
